<?xml version="1.0" encoding="UTF-8"?>
<testsuite name="com.fullcycle.www.application.UseCaseTest" tests="1" skipped="0" failures="0" errors="0" timestamp="2022-10-03T02:42:27" hostname="SoloReader" time="0.01">
  <properties/>
  <testcase name="testCreateUseCase()" classname="com.fullcycle.www.application.UseCaseTest" time="0.01"/>
  <system-out><![CDATA[]]></system-out>
  <system-err><![CDATA[]]></system-err>
</testsuite>
